<?xml version="1.0" encoding="UTF-8"?>
<!-- Generated by org.testng.reporters.JUnitReportReporter -->
<testsuite skipped="0" hostname="Dell" name="Demo.org.App" tests="1" failures="0" timestamp="26 Apr 2019 10:25:57 GMT" time="0.010" errors="0">
  <testcase name="run" time="0.010" classname="Demo.org.App"/>
</testsuite> <!-- Demo.org.App -->
